# JRE version: OpenJDK Runtime Environment Temurin-18.0.2.1+1 (18.0.2.1+1) (build 18.0.2.1+1)
# Java VM: OpenJDK 64-Bit Server VM Temurin-18.0.2.1+1 (18.0.2.1+1, mixed mode, sharing, tiered, compressed oops, compressed class ptrs, g1 gc, windows-amd64)
GC Precious Log:
 CardTable entry size: 512
 Card Set container configuration: InlinePtr #cards 4 size 8 Array Of Cards #cards 16 size 48 Howl #buckets 8 coarsen threshold 3686 Howl Bitmap #cards 512 size 80 coarsen threshold 460 Card regions per heap region 1 cards per card region 4096
 CPUs: 8 total, 8 available
 Memory: 16057M
 Large Page Support: Disabled
 NUMA Support: Disabled
 Compressed Oops: Enabled (Zero based)
 Heap Region Size: 2M
 Heap Min Capacity: 8M
 Heap Initial Capacity: 252M
 Heap Max Capacity: 4016M
 Pre-touch: Disabled
 Parallel Workers: 8
 Concurrent Workers: 2
 Concurrent Refinement Workers: 8
 Periodic GC: Disabled
Heap:
 garbage-first heap   total 157696K, used 59841K [0x0000000705000000, 0x0000000800000000)
  region size 2048K, 16 young (32768K), 2 survivors (4096K)
 Metaspace       used 27026K, committed 27456K, reserved 1114112K
  class space    used 2607K, committed 2816K, reserved 1048576K
GC Heap History (20 events):
Event: 3.597 GC heap before
{Heap before GC invocations=0 (full 0):
 garbage-first heap   total 258048K, used 22528K [0x0000000705000000, 0x0000000800000000)
  region size 2048K, 11 young (22528K), 0 survivors (0K)
 Metaspace       used 7538K, committed 7744K, reserved 1114112K
  class space    used 557K, committed 640K, reserved 1048576K
}
Event: 3.604 GC heap after
{Heap after GC invocations=1 (full 0):
 garbage-first heap   total 258048K, used 4570K [0x0000000705000000, 0x0000000800000000)
  region size 2048K, 2 young (4096K), 2 survivors (4096K)
 Metaspace       used 7538K, committed 7744K, reserved 1114112K
  class space    used 557K, committed 640K, reserved 1048576K
}
Event: 4.558 GC heap before
{Heap before GC invocations=1 (full 0):
 garbage-first heap   total 258048K, used 57818K [0x0000000705000000, 0x0000000800000000)
  region size 2048K, 16 young (32768K), 2 survivors (4096K)
 Metaspace       used 10483K, committed 10688K, reserved 1114112K
  class space    used 846K, committed 960K, reserved 1048576K
}
Event: 4.562 GC heap after
{Heap after GC invocations=2 (full 0):
 garbage-first heap   total 258048K, used 5853K [0x0000000705000000, 0x0000000800000000)
  region size 2048K, 1 young (2048K), 1 survivors (2048K)
 Metaspace       used 10483K, committed 10688K, reserved 1114112K
  class space    used 846K, committed 960K, reserved 1048576K
}
Event: 5.520 GC heap before
{Heap before GC invocations=2 (full 0):
 garbage-first heap   total 258048K, used 233181K [0x0000000705000000, 0x0000000800000000)
  region size 2048K, 75 young (153600K), 1 survivors (2048K)
 Metaspace       used 11695K, committed 11968K, reserved 1114112K
  class space    used 957K, committed 1088K, reserved 1048576K
}
Event: 5.522 GC heap after
{Heap after GC invocations=3 (full 0):
 garbage-first heap   total 258048K, used 12291K [0x0000000705000000, 0x0000000800000000)
  region size 2048K, 1 young (2048K), 1 survivors (2048K)
 Metaspace       used 11695K, committed 11968K, reserved 1114112K
  class space    used 957K, committed 1088K, reserved 1048576K
}
Event: 7.013 GC heap before
{Heap before GC invocations=3 (full 0):
 garbage-first heap   total 258048K, used 237571K [0x0000000705000000, 0x0000000800000000)
  region size 2048K, 75 young (153600K), 1 survivors (2048K)
 Metaspace       used 18324K, committed 18560K, reserved 1114112K
  class space    used 1820K, committed 1920K, reserved 1048576K
}
Event: 7.017 GC heap after
{Heap after GC invocations=4 (full 0):
 garbage-first heap   total 258048K, used 9459K [0x0000000705000000, 0x0000000800000000)
  region size 2048K, 3 young (6144K), 3 survivors (6144K)
 Metaspace       used 18324K, committed 18560K, reserved 1114112K
  class space    used 1820K, committed 1920K, reserved 1048576K
}
Event: 7.807 GC heap before
{Heap before GC invocations=4 (full 0):
 garbage-first heap   total 258048K, used 64755K [0x0000000705000000, 0x0000000800000000)
  region size 2048K, 31 young (63488K), 3 survivors (6144K)
 Metaspace       used 21237K, committed 21504K, reserved 1114112K
  class space    used 2084K, committed 2240K, reserved 1048576K
}
Event: 7.815 GC heap after
{Heap after GC invocations=5 (full 0):
 garbage-first heap   total 258048K, used 12009K [0x0000000705000000, 0x0000000800000000)
  region size 2048K, 4 young (8192K), 4 survivors (8192K)
 Metaspace       used 21237K, committed 21504K, reserved 1114112K
  class space    used 2084K, committed 2240K, reserved 1048576K
}
Event: 8.260 GC heap before
{Heap before GC invocations=6 (full 0):
 garbage-first heap   total 55296K, used 36585K [0x0000000705000000, 0x0000000800000000)
  region size 2048K, 16 young (32768K), 4 survivors (8192K)
 Metaspace       used 24033K, committed 24384K, reserved 1114112K
  class space    used 2347K, committed 2496K, reserved 1048576K
}
Event: 8.268 GC heap after
{Heap after GC invocations=7 (full 0):
 garbage-first heap   total 55296K, used 15086K [0x0000000705000000, 0x0000000800000000)
  region size 2048K, 2 young (4096K), 2 survivors (4096K)
 Metaspace       used 24033K, committed 24384K, reserved 1114112K
  class space    used 2347K, committed 2496K, reserved 1048576K
}
Event: 8.275 GC heap before
{Heap before GC invocations=7 (full 0):
 garbage-first heap   total 55296K, used 17134K [0x0000000705000000, 0x0000000800000000)
  region size 2048K, 3 young (6144K), 2 survivors (4096K)
 Metaspace       used 24048K, committed 24384K, reserved 1114112K
  class space    used 2347K, committed 2496K, reserved 1048576K
}
Event: 8.278 GC heap after
{Heap after GC invocations=8 (full 0):
 garbage-first heap   total 55296K, used 15782K [0x0000000705000000, 0x0000000800000000)
  region size 2048K, 1 young (2048K), 1 survivors (2048K)
 Metaspace       used 24048K, committed 24384K, reserved 1114112K
  class space    used 2347K, committed 2496K, reserved 1048576K
}
Event: 8.379 GC heap before
{Heap before GC invocations=8 (full 0):
 garbage-first heap   total 55296K, used 38310K [0x0000000705000000, 0x0000000800000000)
  region size 2048K, 12 young (24576K), 1 survivors (2048K)
 Metaspace       used 24239K, committed 24512K, reserved 1114112K
  class space    used 2353K, committed 2496K, reserved 1048576K
}
Event: 8.383 GC heap after
{Heap after GC invocations=9 (full 0):
 garbage-first heap   total 55296K, used 16637K [0x0000000705000000, 0x0000000800000000)
  region size 2048K, 1 young (2048K), 1 survivors (2048K)
 Metaspace       used 24239K, committed 24512K, reserved 1114112K
  class space    used 2353K, committed 2496K, reserved 1048576K
}
Event: 8.854 GC heap before
{Heap before GC invocations=9 (full 0):
 garbage-first heap   total 55296K, used 41213K [0x0000000705000000, 0x0000000800000000)
  region size 2048K, 12 young (24576K), 1 survivors (2048K)
 Metaspace       used 25999K, committed 26432K, reserved 1114112K
  class space    used 2566K, committed 2752K, reserved 1048576K
}
Event: 8.859 GC heap after
{Heap after GC invocations=10 (full 0):
 garbage-first heap   total 55296K, used 19303K [0x0000000705000000, 0x0000000800000000)
  region size 2048K, 2 young (4096K), 2 survivors (4096K)
 Metaspace       used 25999K, committed 26432K, reserved 1114112K
  class space    used 2566K, committed 2752K, reserved 1048576K
}
Event: 10.362 GC heap before
{Heap before GC invocations=10 (full 0):
 garbage-first heap   total 55296K, used 39783K [0x0000000705000000, 0x0000000800000000)
  region size 2048K, 10 young (20480K), 2 survivors (4096K)
 Metaspace       used 26515K, committed 27008K, reserved 1114112K
  class space    used 2605K, committed 2816K, reserved 1048576K
}
Event: 10.368 GC heap after
{Heap after GC invocations=11 (full 0):
 garbage-first heap   total 157696K, used 29121K [0x0000000705000000, 0x0000000800000000)
  region size 2048K, 2 young (4096K), 2 survivors (4096K)
 Metaspace       used 26515K, committed 27008K, reserved 1114112K
  class space    used 2605K, committed 2816K, reserved 1048576K
}

